2021-06-12 16:00:05,138 INFO org.springframework.boot.StartupInfoLogger [main] Starting AuthServicesApplication using Java 15.0.2 on MajaComp with PID 3432 (C:\Users\maja.adm\Desktop\Bezbednost_xml\XML_Bezbednost\XML-editFront\XML_PROJEKAT\services\auth-services\target\classes started by maja.adm in C:\Users\maja.adm\Desktop\Bezbednost_xml\XML_Bezbednost\XML-editFront\XML_PROJEKAT)
2021-06-12 16:00:05,144 INFO org.springframework.boot.SpringApplication [main] No active profile set, falling back to default profiles: default
2021-06-12 16:03:11,661 INFO org.springframework.boot.StartupInfoLogger [main] Starting AuthServicesApplication using Java 15.0.2 on MajaComp with PID 6388 (C:\Users\maja.adm\Desktop\Bezbednost_xml\XML_Bezbednost\XML-editFront\XML_PROJEKAT\services\auth-services\target\classes started by maja.adm in C:\Users\maja.adm\Desktop\Bezbednost_xml\XML_Bezbednost\XML-editFront\XML_PROJEKAT)
2021-06-12 16:03:11,678 INFO org.springframework.boot.SpringApplication [main] No active profile set, falling back to default profiles: default
2021-06-12 16:03:19,898 INFO org.springframework.boot.StartupInfoLogger [main] Started AuthServicesApplication in 9.729 seconds (JVM running for 10.883)
2021-06-12 16:53:45,284 INFO org.springframework.boot.StartupInfoLogger [main] Starting AuthServicesApplication using Java 15.0.2 on MajaComp with PID 7780 (C:\Users\maja.adm\Desktop\Bezbednost_xml\XML_Bezbednost\XML-editFront\XML_PROJEKAT\services\auth-services\target\classes started by maja.adm in C:\Users\maja.adm\Desktop\Bezbednost_xml\XML_Bezbednost\XML-editFront\XML_PROJEKAT)
2021-06-12 16:53:45,291 INFO org.springframework.boot.SpringApplication [main] No active profile set, falling back to default profiles: default
2021-06-12 16:53:57,874 INFO org.springframework.boot.StartupInfoLogger [main] Started AuthServicesApplication in 15.489 seconds (JVM running for 17.197)
2021-06-12 17:02:43,643 INFO org.springframework.boot.StartupInfoLogger [main] Starting AuthServicesApplication using Java 15.0.2 on MajaComp with PID 3552 (C:\Users\maja.adm\Desktop\Bezbednost_xml\XML_Bezbednost\XML-editFront\XML_PROJEKAT\services\auth-services\target\classes started by maja.adm in C:\Users\maja.adm\Desktop\Bezbednost_xml\XML_Bezbednost\XML-editFront\XML_PROJEKAT)
2021-06-12 17:02:43,650 INFO org.springframework.boot.SpringApplication [main] No active profile set, falling back to default profiles: default
2021-06-12 17:02:53,759 INFO org.springframework.boot.StartupInfoLogger [main] Started AuthServicesApplication in 11.631 seconds (JVM running for 12.843)
2021-06-12 17:03:58,957 INFO services.authservices.service.implementation.AuthService [http-nio-8090-exec-8] User nina has successfully registered
2021-06-12 17:24:23,208 INFO org.springframework.boot.StartupInfoLogger [main] Starting AuthServicesApplication using Java 15.0.2 on MajaComp with PID 2268 (C:\Users\maja.adm\Desktop\Bezbednost_xml\XML_Bezbednost\XML-editFront\XML_PROJEKAT\services\auth-services\target\classes started by maja.adm in C:\Users\maja.adm\Desktop\Bezbednost_xml\XML_Bezbednost\XML-editFront\XML_PROJEKAT)
2021-06-12 17:24:23,229 INFO org.springframework.boot.SpringApplication [main] No active profile set, falling back to default profiles: default
2021-06-12 17:24:32,421 INFO org.springframework.boot.StartupInfoLogger [main] Started AuthServicesApplication in 10.779 seconds (JVM running for 12.012)
2021-06-12 17:27:57,380 INFO services.authservices.service.implementation.AuthService [http-nio-8090-exec-2] User maja has successfully registered
2021-06-12 17:28:47,014 INFO services.authservices.service.implementation.AuthService [http-nio-8090-exec-8] User maja has successfully logged in
2021-06-12 17:29:26,663 INFO org.springframework.boot.StartupInfoLogger [main] Starting AuthServicesApplication using Java 15.0.2 on MajaComp with PID 15380 (C:\Users\maja.adm\Desktop\Bezbednost_xml\XML_Bezbednost\XML-editFront\XML_PROJEKAT\services\auth-services\target\classes started by maja.adm in C:\Users\maja.adm\Desktop\Bezbednost_xml\XML_Bezbednost\XML-editFront\XML_PROJEKAT)
2021-06-12 17:29:26,669 INFO org.springframework.boot.SpringApplication [main] No active profile set, falling back to default profiles: default
2021-06-12 17:29:37,071 INFO org.springframework.boot.StartupInfoLogger [main] Started AuthServicesApplication in 12.022 seconds (JVM running for 13.142)
2021-06-12 17:29:51,765 INFO org.springframework.boot.StartupInfoLogger [main] Starting AuthServicesApplication using Java 15.0.2 on MajaComp with PID 15088 (C:\Users\maja.adm\Desktop\Bezbednost_xml\XML_Bezbednost\XML-editFront\XML_PROJEKAT\services\auth-services\target\classes started by maja.adm in C:\Users\maja.adm\Desktop\Bezbednost_xml\XML_Bezbednost\XML-editFront\XML_PROJEKAT)
2021-06-12 17:29:51,771 INFO org.springframework.boot.SpringApplication [main] No active profile set, falling back to default profiles: default
2021-06-12 17:30:00,933 INFO org.springframework.boot.StartupInfoLogger [main] Started AuthServicesApplication in 10.61 seconds (JVM running for 11.668)
2021-06-12 17:31:33,942 INFO services.authservices.service.implementation.AuthService [http-nio-8090-exec-10] User maja has successfully registered
