2021-06-12 17:31:43,674 INFO services.authservices.service.implementation.AuthService [http-nio-8090-exec-1] User maja has successfully logged in
2021-06-12 17:31:44,611 INFO services.authservices.service.implementation.AuthService [http-nio-8090-exec-2] User maja has successfully logged in
2021-06-12 17:31:45,380 INFO services.authservices.service.implementation.AuthService [http-nio-8090-exec-3] User maja has successfully logged in
2021-06-12 17:31:45,993 INFO services.authservices.service.implementation.AuthService [http-nio-8090-exec-6] User maja has successfully logged in
2021-06-12 17:31:46,475 INFO services.authservices.service.implementation.AuthService [http-nio-8090-exec-7] User maja has successfully logged in
2021-06-12 18:49:06,673 INFO org.springframework.boot.StartupInfoLogger [main] Starting AuthServicesApplication using Java 15.0.2 on MajaComp with PID 2776 (C:\Users\maja.adm\Desktop\Bezbednost_xml\XML_Bezbednost\XML-editFront\XML_PROJEKAT\services\auth-services\target\classes started by maja.adm in C:\Users\maja.adm\Desktop\Bezbednost_xml\XML_Bezbednost\XML-editFront\XML_PROJEKAT)
2021-06-12 18:49:06,680 INFO org.springframework.boot.SpringApplication [main] No active profile set, falling back to default profiles: default
2021-06-12 18:53:21,355 INFO org.springframework.boot.StartupInfoLogger [main] Starting AuthServicesApplication using Java 15.0.2 on MajaComp with PID 6736 (C:\Users\maja.adm\Desktop\Bezbednost_xml\XML_Bezbednost\XML-editFront\XML_PROJEKAT\services\auth-services\target\classes started by maja.adm in C:\Users\maja.adm\Desktop\Bezbednost_xml\XML_Bezbednost\XML-editFront\XML_PROJEKAT)
2021-06-12 18:53:21,362 INFO org.springframework.boot.SpringApplication [main] No active profile set, falling back to default profiles: default
2021-06-12 19:10:03,216 INFO org.springframework.boot.StartupInfoLogger [main] Starting AuthServicesApplication using Java 15.0.2 on MajaComp with PID 4652 (C:\Users\maja.adm\Desktop\Bezbednost_xml\XML_Bezbednost\XML-editFront\XML_PROJEKAT\services\auth-services\target\classes started by maja.adm in C:\Users\maja.adm\Desktop\Bezbednost_xml\XML_Bezbednost\XML-editFront\XML_PROJEKAT)
2021-06-12 19:10:03,274 INFO org.springframework.boot.SpringApplication [main] No active profile set, falling back to default profiles: default
2021-06-12 19:39:51,403 INFO org.springframework.boot.StartupInfoLogger [main] Starting AuthServicesApplication using Java 16.0.1 on DESKTOP-LLP7IJA with PID 65260 (C:\Users\Vuk\Desktop\XML_Bezbednost\XML-editFront\XML_PROJEKAT\services\auth-services\target\classes started by Vuk in C:\Users\Vuk\Desktop\XML_Bezbednost\XML-editFront\XML_PROJEKAT)
2021-06-12 19:39:51,410 INFO org.springframework.boot.SpringApplication [main] No active profile set, falling back to default profiles: default
2021-06-12 19:41:08,899 INFO org.springframework.boot.StartupInfoLogger [main] Starting AuthServicesApplication using Java 16.0.1 on DESKTOP-LLP7IJA with PID 17112 (C:\Users\Vuk\Desktop\XML_Bezbednost\XML-editFront\XML_PROJEKAT\services\auth-services\target\classes started by Vuk in C:\Users\Vuk\Desktop\XML_Bezbednost\XML-editFront\XML_PROJEKAT)
2021-06-12 19:41:08,905 INFO org.springframework.boot.SpringApplication [main] No active profile set, falling back to default profiles: default
2021-06-12 19:41:51,595 INFO org.springframework.boot.StartupInfoLogger [main] Starting AuthServicesApplication using Java 16.0.1 on DESKTOP-LLP7IJA with PID 37268 (C:\Users\Vuk\Desktop\XML_Bezbednost\XML-editFront\XML_PROJEKAT\services\auth-services\target\classes started by Vuk in C:\Users\Vuk\Desktop\XML_Bezbednost\XML-editFront\XML_PROJEKAT)
2021-06-12 19:41:51,603 INFO org.springframework.boot.SpringApplication [main] No active profile set, falling back to default profiles: default
2021-06-12 19:46:32,326 INFO org.springframework.boot.StartupInfoLogger [main] Starting AuthServicesApplication using Java 16.0.1 on DESKTOP-LLP7IJA with PID 56440 (C:\Users\Vuk\Desktop\XML_Bezbednost\XML-editFront\XML_PROJEKAT\services\auth-services\target\classes started by Vuk in C:\Users\Vuk\Desktop\XML_Bezbednost\XML-editFront\XML_PROJEKAT)
2021-06-12 19:46:32,333 INFO org.springframework.boot.SpringApplication [main] No active profile set, falling back to default profiles: default
2021-06-12 19:46:43,780 INFO org.springframework.boot.StartupInfoLogger [main] Started AuthServicesApplication in 12.769 seconds (JVM running for 14.703)
2021-06-12 19:48:57,160 INFO org.springframework.boot.StartupInfoLogger [main] Starting AuthServicesApplication using Java 16.0.1 on DESKTOP-LLP7IJA with PID 1268 (C:\Users\Vuk\Desktop\XML_Bezbednost\XML-editFront\XML_PROJEKAT\services\auth-services\target\classes started by Vuk in C:\Users\Vuk\Desktop\XML_Bezbednost\XML-editFront\XML_PROJEKAT)
2021-06-12 19:48:57,171 INFO org.springframework.boot.SpringApplication [main] No active profile set, falling back to default profiles: default
2021-06-12 19:49:17,128 INFO org.springframework.boot.StartupInfoLogger [main] Started AuthServicesApplication in 21.402 seconds (JVM running for 22.169)
2021-06-12 20:45:41,514 INFO org.springframework.boot.StartupInfoLogger [main] Starting AuthServicesApplication using Java 16.0.1 on DESKTOP-LLP7IJA with PID 11292 (C:\Users\Vuk\Desktop\XML_Bezbednost\XML-editFront\XML_PROJEKAT\services\auth-services\target\classes started by Vuk in C:\Users\Vuk\Desktop\XML_Bezbednost\XML-editFront\XML_PROJEKAT)
2021-06-12 20:45:41,519 INFO org.springframework.boot.SpringApplication [main] No active profile set, falling back to default profiles: default
