2021-06-13 00:19:50,795 WARN org.springframework.core.log.CompositeLog [background-preinit] For Jackson Kotlin classes support please add "com.fasterxml.jackson.module:jackson-module-kotlin" to the classpath
2021-06-13 00:19:52,879 INFO org.springframework.data.repository.config.RepositoryConfigurationDelegate [main] Bootstrapping Spring Data JPA repositories in DEFAULT mode.
2021-06-13 00:19:53,050 INFO org.springframework.data.repository.config.RepositoryConfigurationDelegate [main] Finished Spring Data repository scanning in 149 ms. Found 1 JPA repository interfaces.
2021-06-13 00:19:53,661 INFO org.springframework.cloud.context.scope.GenericScope [main] BeanFactory id=d7f13729-fc41-3220-853f-18e3125eb6e6
2021-06-13 00:19:54,191 INFO org.springframework.context.support.PostProcessorRegistrationDelegate$BeanPostProcessorChecker [main] Bean 'org.springframework.security.access.expression.method.DefaultMethodSecurityExpressionHandler@a5272be' of type [org.springframework.security.access.expression.method.DefaultMethodSecurityExpressionHandler] is not eligible for getting processed by all BeanPostProcessors (for example: not eligible for auto-proxying)
2021-06-13 00:19:54,201 INFO org.springframework.context.support.PostProcessorRegistrationDelegate$BeanPostProcessorChecker [main] Bean 'methodSecurityMetadataSource' of type [org.springframework.security.access.method.DelegatingMethodSecurityMetadataSource] is not eligible for getting processed by all BeanPostProcessors (for example: not eligible for auto-proxying)
2021-06-13 00:19:55,394 INFO org.springframework.boot.web.embedded.tomcat.TomcatWebServer [main] Tomcat initialized with port(s): 8090 (http)
2021-06-13 00:19:55,424 INFO org.apache.juli.logging.DirectJDKLog [main] Initializing ProtocolHandler ["http-nio-8090"]
2021-06-13 00:19:55,432 INFO org.apache.juli.logging.DirectJDKLog [main] Starting service [Tomcat]
2021-06-13 00:19:55,432 INFO org.apache.juli.logging.DirectJDKLog [main] Starting Servlet engine: [Apache Tomcat/9.0.46]
2021-06-13 00:19:55,895 INFO org.apache.juli.logging.DirectJDKLog [main] Initializing Spring embedded WebApplicationContext
2021-06-13 00:19:55,895 INFO org.springframework.boot.web.servlet.context.ServletWebServerApplicationContext [main] Root WebApplicationContext: initialization completed in 5258 ms
2021-06-13 00:19:56,631 INFO org.hibernate.jpa.internal.util.LogHelper [main] HHH000204: Processing PersistenceUnitInfo [name: default]
2021-06-13 00:19:56,859 INFO org.hibernate.Version [main] HHH000412: Hibernate ORM core version 5.4.31.Final
2021-06-13 00:19:57,567 INFO org.hibernate.annotations.common.reflection.java.JavaReflectionManager [main] HCANN000001: Hibernate Commons Annotations {5.1.2.Final}
2021-06-13 00:19:58,148 INFO com.zaxxer.hikari.HikariDataSource [main] HikariPool-1 - Starting...
2021-06-13 00:19:59,254 INFO com.zaxxer.hikari.HikariDataSource [main] HikariPool-1 - Start completed.
2021-06-13 00:19:59,422 INFO org.hibernate.dialect.Dialect [main] HHH000400: Using dialect: org.hibernate.dialect.PostgreSQL10Dialect
2021-06-13 00:20:02,826 WARN org.hibernate.engine.jdbc.spi.SqlExceptionHelper$StandardWarningHandler [main] SQL Warning Code: 0, SQLState: 00000
2021-06-13 00:20:02,826 WARN org.hibernate.engine.jdbc.spi.SqlExceptionHelper$StandardWarningHandler [main] relation "authority_permission" does not exist, skipping
2021-06-13 00:20:02,831 WARN org.hibernate.engine.jdbc.spi.SqlExceptionHelper$StandardWarningHandler [main] SQL Warning Code: 0, SQLState: 00000
2021-06-13 00:20:02,831 WARN org.hibernate.engine.jdbc.spi.SqlExceptionHelper$StandardWarningHandler [main] relation "authority_permission" does not exist, skipping
2021-06-13 00:20:02,831 WARN org.hibernate.engine.jdbc.spi.SqlExceptionHelper$StandardWarningHandler [main] SQL Warning Code: 0, SQLState: 00000
2021-06-13 00:20:02,836 WARN org.hibernate.engine.jdbc.spi.SqlExceptionHelper$StandardWarningHandler [main] relation "user_authority" does not exist, skipping
2021-06-13 00:20:02,836 WARN org.hibernate.engine.jdbc.spi.SqlExceptionHelper$StandardWarningHandler [main] SQL Warning Code: 0, SQLState: 00000
2021-06-13 00:20:02,836 WARN org.hibernate.engine.jdbc.spi.SqlExceptionHelper$StandardWarningHandler [main] relation "user_authority" does not exist, skipping
2021-06-13 00:20:02,841 WARN org.hibernate.engine.jdbc.spi.SqlExceptionHelper$StandardWarningHandler [main] SQL Warning Code: 0, SQLState: 00000
2021-06-13 00:20:02,841 WARN org.hibernate.engine.jdbc.spi.SqlExceptionHelper$StandardWarningHandler [main] table "authority" does not exist, skipping
2021-06-13 00:20:02,846 WARN org.hibernate.engine.jdbc.spi.SqlExceptionHelper$StandardWarningHandler [main] SQL Warning Code: 0, SQLState: 00000
2021-06-13 00:20:02,846 WARN org.hibernate.engine.jdbc.spi.SqlExceptionHelper$StandardWarningHandler [main] table "permission" does not exist, skipping
2021-06-13 00:20:02,851 WARN org.hibernate.engine.jdbc.spi.SqlExceptionHelper$StandardWarningHandler [main] SQL Warning Code: 0, SQLState: 00000
2021-06-13 00:20:02,851 WARN org.hibernate.engine.jdbc.spi.SqlExceptionHelper$StandardWarningHandler [main] table "authority_permission" does not exist, skipping
2021-06-13 00:20:02,851 WARN org.hibernate.engine.jdbc.spi.SqlExceptionHelper$StandardWarningHandler [main] SQL Warning Code: 0, SQLState: 00000
2021-06-13 00:20:02,856 WARN org.hibernate.engine.jdbc.spi.SqlExceptionHelper$StandardWarningHandler [main] table "user_authority" does not exist, skipping
2021-06-13 00:20:02,856 WARN org.hibernate.engine.jdbc.spi.SqlExceptionHelper$StandardWarningHandler [main] SQL Warning Code: 0, SQLState: 00000
2021-06-13 00:20:02,856 WARN org.hibernate.engine.jdbc.spi.SqlExceptionHelper$StandardWarningHandler [main] table "user_info" does not exist, skipping
2021-06-13 00:20:02,966 INFO org.hibernate.engine.transaction.jta.platform.internal.JtaPlatformInitiator [main] HHH000490: Using JtaPlatform implementation: [org.hibernate.engine.transaction.jta.platform.internal.NoJtaPlatform]
2021-06-13 00:20:02,991 INFO org.springframework.orm.jpa.AbstractEntityManagerFactoryBean [main] Initialized JPA EntityManagerFactory for persistence unit 'default'
2021-06-13 00:20:03,111 WARN org.springframework.boot.autoconfigure.thymeleaf.ThymeleafAutoConfiguration$DefaultTemplateResolverConfiguration [main] Cannot find template location: classpath:/templates/ (please add some templates or check your Thymeleaf configuration)
2021-06-13 00:20:03,282 WARN org.springframework.boot.autoconfigure.orm.jpa.JpaBaseConfiguration$JpaWebConfiguration [main] spring.jpa.open-in-view is enabled by default. Therefore, database queries may be performed during view rendering. Explicitly configure spring.jpa.open-in-view to disable this warning
2021-06-13 00:20:08,463 INFO org.springframework.security.web.DefaultSecurityFilterChain [main] Will secure Ant [pattern='/api/auth/**', POST] with []
2021-06-13 00:20:08,463 INFO org.springframework.security.web.DefaultSecurityFilterChain [main] Will secure Ant [pattern='/attack/**', POST] with []
2021-06-13 00:20:08,463 INFO org.springframework.security.web.DefaultSecurityFilterChain [main] Will secure Ant [pattern='/api/auth', PUT] with []
2021-06-13 00:20:08,468 INFO org.springframework.security.web.DefaultSecurityFilterChain [main] Will secure Ant [pattern='/', GET] with []
2021-06-13 00:20:08,468 INFO org.springframework.security.web.DefaultSecurityFilterChain [main] Will secure Ant [pattern='/webjars/**', GET] with []
2021-06-13 00:20:08,468 INFO org.springframework.security.web.DefaultSecurityFilterChain [main] Will secure Ant [pattern='/*.html', GET] with []
2021-06-13 00:20:08,468 INFO org.springframework.security.web.DefaultSecurityFilterChain [main] Will secure Ant [pattern='/favicon.ico', GET] with []
2021-06-13 00:20:08,468 INFO org.springframework.security.web.DefaultSecurityFilterChain [main] Will secure Ant [pattern='/**/*.html', GET] with []
2021-06-13 00:20:08,471 INFO org.springframework.security.web.DefaultSecurityFilterChain [main] Will secure Ant [pattern='/**/*.css', GET] with []
2021-06-13 00:20:08,471 INFO org.springframework.security.web.DefaultSecurityFilterChain [main] Will secure Ant [pattern='/**/*.js', GET] with []
2021-06-13 00:20:08,471 INFO org.springframework.security.web.DefaultSecurityFilterChain [main] Will secure Ant [pattern='/assets/**', GET] with []
2021-06-13 00:20:08,647 INFO org.springframework.security.web.DefaultSecurityFilterChain [main] Will secure any request with [org.springframework.security.web.context.request.async.WebAsyncManagerIntegrationFilter@723f8990, org.springframework.security.web.context.SecurityContextPersistenceFilter@3f67f5ff, org.springframework.security.web.header.HeaderWriterFilter@209d0037, org.springframework.web.filter.CorsFilter@3bdc8975, org.springframework.security.web.authentication.logout.LogoutFilter@7866fe3e, services.authservices.security.TokenAuthenticationFilter@27ea552d, org.springframework.security.web.savedrequest.RequestCacheAwareFilter@51b2b3e6, org.springframework.security.web.servletapi.SecurityContextHolderAwareRequestFilter@674d2b8b, org.springframework.security.web.authentication.AnonymousAuthenticationFilter@7a57c5d9, org.springframework.security.web.session.SessionManagementFilter@7747571c, org.springframework.security.web.access.ExceptionTranslationFilter@7e1ce99c, org.springframework.security.web.access.intercept.FilterSecurityInterceptor@4c57ca10]
2021-06-13 00:20:09,385 INFO org.apache.juli.logging.DirectJDKLog [main] Starting ProtocolHandler ["http-nio-8090"]
2021-06-13 00:20:09,520 INFO org.springframework.boot.web.embedded.tomcat.TomcatWebServer [main] Tomcat started on port(s): 8090 (http) with context path ''
2021-06-13 00:20:09,994 INFO org.springframework.boot.availability.ApplicationAvailabilityBean [main] Application availability state LivenessState changed to CORRECT
2021-06-13 00:20:09,999 INFO org.springframework.boot.availability.ApplicationAvailabilityBean [main] Application availability state ReadinessState changed to ACCEPTING_TRAFFIC
